TN:
SF:src/UEA/UEA_EVM.sol
DA:36,54
FN:36,UEA_EVM.initialize
FNDA:54,UEA_EVM.initialize
DA:37,2
BRDA:37,0,0,2
DA:38,2
DA:40,52
DA:42,52
DA:49,10
FN:49,UEA_EVM.domainSeparator
FNDA:10,UEA_EVM.domainSeparator
DA:50,23
DA:52,23
DA:58,2
FN:58,UEA_EVM.universalAccount
FNDA:2,UEA_EVM.universalAccount
DA:59,2
DA:65,2
FN:65,UEA_EVM.verifyPayloadSignature
FNDA:2,UEA_EVM.verifyPayloadSignature
DA:66,13
DA:67,11
DA:72,12
FN:72,UEA_EVM.executePayload
FNDA:12,UEA_EVM.executePayload
DA:73,12
DA:75,11
BRDA:75,1,0,2
DA:76,2
DA:80,7
DA:83,7
DA:85,7
BRDA:85,2,0,2
DA:86,2
BRDA:86,3,0,1
BRDA:86,3,1,1
DA:88,1
DA:89,1
DA:92,1
DA:96,5
DA:104,3
FN:104,UEA_EVM.getTransactionHash
FNDA:3,UEA_EVM.getTransactionHash
DA:105,15
BRDA:105,4,0,13
DA:106,13
BRDA:106,5,0,2
DA:107,2
DA:111,13
DA:127,13
DA:129,13
FNF:6
FNH:6
LF:32
LH:32
BRF:7
BRH:7
end_of_record
TN:
SF:src/UEA/UEA_SVM.sol
DA:35,1
FN:35,UEA_SVM.domainSeparator
FNDA:1,UEA_SVM.domainSeparator
DA:36,2
DA:37,2
DA:43,8
FN:43,UEA_SVM.initialize
FNDA:8,UEA_SVM.initialize
DA:44,0
BRDA:44,0,0,-
DA:45,0
DA:47,8
DA:49,8
DA:55,1
FN:55,UEA_SVM.universalAccount
FNDA:1,UEA_SVM.universalAccount
DA:56,1
DA:62,3
FN:62,UEA_SVM.verifyPayloadSignature
FNDA:3,UEA_SVM.verifyPayloadSignature
DA:63,4
DA:72,4
FN:72,UEA_SVM._verifySignatureSVM
FNDA:4,UEA_SVM._verifySignatureSVM
DA:73,4
DA:76,4
BRDA:76,1,0,1
DA:77,1
DA:80,3
DA:86,1
FN:86,UEA_SVM.executePayload
FNDA:1,UEA_SVM.executePayload
DA:87,1
DA:89,1
BRDA:89,2,0,-
DA:90,0
DA:94,1
DA:97,1
DA:99,1
BRDA:99,3,0,-
DA:100,0
BRDA:100,4,0,-
BRDA:100,4,1,-
DA:102,0
DA:103,0
DA:106,0
DA:110,1
DA:118,0
FN:118,UEA_SVM.getTransactionHash
FNDA:0,UEA_SVM.getTransactionHash
DA:119,1
BRDA:119,5,0,1
DA:120,1
BRDA:120,6,0,-
DA:121,0
DA:125,1
DA:141,1
DA:143,1
FNF:7
FNH:6
LF:36
LH:27
BRF:8
BRH:2
end_of_record
TN:
SF:src/UEAFactoryV1.sol
DA:50,70
FN:50,UEAFactoryV1.constructor
FNDA:70,UEAFactoryV1.constructor
DA:51,70
DA:58,70
FN:58,UEAFactoryV1.initialize
FNDA:70,UEAFactoryV1.initialize
DA:59,70
DA:67,12
FN:67,UEAFactoryV1.getUEA
FNDA:12,UEAFactoryV1.getUEA
DA:68,12
DA:69,12
DA:78,8
FN:78,UEAFactoryV1.getVMType
FNDA:8,UEAFactoryV1.getVMType
DA:79,323
DA:80,323
DA:81,0
DA:91,128
FN:91,UEAFactoryV1.registerNewChain
FNDA:128,UEAFactoryV1.registerNewChain
DA:93,126
DA:94,1
BRDA:94,0,0,1
DA:95,1
DA:98,125
DA:99,125
DA:110,2
FN:110,UEAFactoryV1.registerMultipleUEA
FNDA:2,UEAFactoryV1.registerMultipleUEA
DA:114,2
BRDA:114,1,0,1
DA:115,1
DA:118,1
DA:119,2
DA:131,114
FN:131,UEAFactoryV1.registerUEA
FNDA:114,UEAFactoryV1.registerUEA
DA:132,116
BRDA:132,2,0,1
DA:133,1
DA:137,115
DA:138,115
BRDA:138,3,0,2
DA:139,2
DA:142,113
DA:143,113
DA:153,61
FN:153,UEAFactoryV1.deployUEA
FNDA:61,UEAFactoryV1.deployUEA
DA:154,61
DA:155,61
BRDA:155,4,0,1
DA:156,1
DA:160,60
DA:161,60
DA:162,60
BRDA:162,5,0,1
DA:163,1
DA:166,59
DA:167,59
BRDA:167,6,0,2
DA:168,2
DA:171,57
DA:172,57
DA:173,57
DA:174,57
DA:176,57
DA:177,57
DA:187,12
FN:187,UEAFactoryV1.computeUEA
FNDA:12,UEAFactoryV1.computeUEA
DA:188,14
DA:189,14
DA:190,14
BRDA:190,7,0,1
DA:191,1
DA:194,13
DA:195,13
BRDA:195,8,0,1
DA:196,1
DA:199,12
DA:200,12
DA:208,16
FN:208,UEAFactoryV1.hasCode
FNDA:16,UEAFactoryV1.hasCode
DA:209,20
DA:211,20
DA:213,20
DA:217,28
FN:217,UEAFactoryV1.getOriginForUEA
FNDA:28,UEAFactoryV1.getOriginForUEA
DA:218,28
DA:223,28
BRDA:223,9,0,22
DA:224,22
DA:227,0
DA:230,4
FN:230,UEAFactoryV1.getUEAForOrigin
FNDA:4,UEAFactoryV1.getUEAForOrigin
DA:232,4
DA:235,4
DA:237,4
BRDA:237,10,0,2
DA:239,2
DA:240,2
DA:244,2
DA:245,2
DA:247,2
DA:255,16
FN:255,UEAFactoryV1.generateSalt
FNDA:16,UEAFactoryV1.generateSalt
DA:256,93
FNF:13
FNH:13
LF:77
LH:75
BRF:11
BRH:11
end_of_record
TN:
SF:src/libraries/Utils.sol
DA:15,557
FN:15,StringUtils.stringToExactUInt256
FNDA:557,StringUtils.stringToExactUInt256
DA:16,557
DA:17,557
DA:19,557
BRDA:19,0,0,1
BRDA:19,0,1,556
DA:21,556
DA:22,7204
DA:23,7204
BRDA:23,1,0,6
BRDA:23,1,1,7198
DA:26,7198
FNF:1
FNH:1
LF:8
LH:8
BRF:4
BRH:4
end_of_record
TN:
SF:src/mocks/Target.sol
DA:8,4
FN:8,Target.setMagicNumber
FNDA:4,Target.setMagicNumber
DA:9,4
DA:13,1
FN:13,Target.setMagicNumberWithFee
FNDA:1,Target.setMagicNumberWithFee
DA:14,1
BRDA:14,0,0,-
BRDA:14,0,1,1
DA:15,1
DA:19,5
FN:19,Target.getMagicNumber
FNDA:5,Target.getMagicNumber
DA:20,5
FNF:3
FNH:3
LF:7
LH:7
BRF:2
BRH:1
end_of_record
TN:
SF:test/UEA_EVM.t.sol
DA:654,1
FN:654,RevertingTarget.revertWithReason
FNDA:1,RevertingTarget.revertWithReason
DA:655,1
DA:660,1
FN:660,SilentRevertingTarget.revertSilently
FNDA:1,SilentRevertingTarget.revertSilently
DA:662,1
FNF:2
FNH:2
LF:4
LH:4
BRF:0
BRH:0
end_of_record
