TN:
SF:src/PRC20.sol
DA:54,2
FN:54,PRC20.onlyUniversalExecutor
FNDA:2,PRC20.onlyUniversalExecutor
DA:55,2
BRDA:55,0,0,1
DA:60,109
FN:60,PRC20.constructor
FNDA:109,PRC20.constructor
DA:61,0
DA:74,84
FN:74,PRC20.initialize
FNDA:84,PRC20.initialize
DA:85,84
BRDA:85,1,0,-
DA:87,84
DA:88,84
DA:89,84
DA:91,84
DA:92,84
DA:93,84
DA:94,84
DA:95,84
DA:96,84
DA:102,2
FN:102,PRC20.name
FNDA:2,PRC20.name
DA:103,2
DA:107,2
FN:107,PRC20.symbol
FNDA:2,PRC20.symbol
DA:108,2
DA:112,1
FN:112,PRC20.decimals
FNDA:1,PRC20.decimals
DA:113,1
DA:117,522
FN:117,PRC20.totalSupply
FNDA:522,PRC20.totalSupply
DA:118,522
DA:122,526
FN:122,PRC20.balanceOf
FNDA:526,PRC20.balanceOf
DA:123,526
DA:127,8
FN:127,PRC20.allowance
FNDA:8,PRC20.allowance
DA:128,8
DA:134,4
FN:134,PRC20.transfer
FNDA:4,PRC20.transfer
DA:135,4
DA:136,2
DA:140,11
FN:140,PRC20.approve
FNDA:11,PRC20.approve
DA:141,11
BRDA:141,2,0,1
DA:142,10
DA:143,10
DA:144,10
DA:148,6
FN:148,PRC20.transferFrom
FNDA:6,PRC20.transferFrom
DA:149,6
DA:151,3
DA:152,3
BRDA:152,3,0,1
DA:154,2
DA:156,2
DA:158,2
DA:162,4
FN:162,PRC20.burn
FNDA:4,PRC20.burn
DA:163,4
DA:164,2
DA:173,311
FN:173,PRC20.deposit
FNDA:311,PRC20.deposit
DA:174,311
BRDA:174,4,0,1
DA:176,310
DA:178,310
DA:179,307
DA:187,0
FN:187,PRC20.withdraw
FNDA:0,PRC20.withdraw
DA:188,0
DA:190,0
DA:191,0
BRDA:191,5,0,-
DA:193,0
DA:194,0
DA:195,0
DA:203,5
FN:203,PRC20.withdrawGasFee
FNDA:5,PRC20.withdrawGasFee
DA:204,5
DA:205,5
BRDA:205,6,0,-
DA:207,5
DA:208,5
BRDA:208,7,0,1
DA:210,4
DA:217,1
FN:217,PRC20.withdrawGasFeeWithGasLimit
FNDA:1,PRC20.withdrawGasFeeWithGasLimit
DA:218,1
DA:219,1
BRDA:219,8,0,-
DA:221,1
DA:222,1
BRDA:222,9,0,-
DA:224,1
DA:229,42
FN:229,PRC20.updateUniversalCore
FNDA:42,PRC20.updateUniversalCore
DA:230,42
BRDA:230,10,0,1
DA:231,41
DA:232,41
DA:236,2
FN:236,PRC20.updateGasLimit
FNDA:2,PRC20.updateGasLimit
DA:237,2
DA:238,2
DA:242,2
FN:242,PRC20.updateProtocolFlatFee
FNDA:2,PRC20.updateProtocolFlatFee
DA:243,2
DA:244,2
DA:248,1
FN:248,PRC20.setName
FNDA:1,PRC20.setName
DA:249,1
DA:253,1
FN:253,PRC20.setSymbol
FNDA:1,PRC20.setSymbol
DA:254,1
DA:266,10
FN:266,PRC20._transfer
FNDA:10,PRC20._transfer
DA:267,10
BRDA:267,11,0,3
DA:269,7
DA:270,7
BRDA:270,12,0,2
DA:273,5
DA:274,5
DA:277,5
DA:287,310
FN:287,PRC20._mint
FNDA:310,PRC20._mint
DA:288,310
BRDA:288,13,0,2
DA:289,308
BRDA:289,14,0,1
DA:292,307
DA:293,307
DA:295,307
DA:304,4
FN:304,PRC20._burn
FNDA:4,PRC20._burn
DA:305,4
BRDA:305,15,0,-
DA:306,4
BRDA:306,16,0,1
DA:308,3
DA:309,3
BRDA:309,17,0,1
DA:312,2
DA:313,2
DA:315,2
FNF:25
FNH:24
LF:104
LH:96
BRF:18
BRH:12
end_of_record
TN:
SF:src/UEA/UEAFactoryV1.sol
DA:53,39
FN:53,UEAFactoryV1.constructor
FNDA:39,UEAFactoryV1.constructor
DA:54,0
DA:61,39
FN:61,UEAFactoryV1.initialize
FNDA:39,UEAFactoryV1.initialize
DA:62,39
DA:71,39
FN:71,UEAFactoryV1.setUEAProxyImplementation
FNDA:39,UEAFactoryV1.setUEAProxyImplementation
DA:72,39
BRDA:72,0,0,-
DA:73,0
DA:75,39
DA:81,4
FN:81,UEAFactoryV1.getUEA
FNDA:4,UEAFactoryV1.getUEA
DA:82,4
DA:83,4
DA:89,234
FN:89,UEAFactoryV1.getVMType
FNDA:234,UEAFactoryV1.getVMType
DA:90,234
DA:91,234
DA:92,234
DA:98,78
FN:98,UEAFactoryV1.registerNewChain
FNDA:78,UEAFactoryV1.registerNewChain
DA:100,78
DA:101,0
BRDA:101,1,0,-
DA:102,0
DA:105,78
DA:106,78
DA:112,0
FN:112,UEAFactoryV1.registerMultipleUEA
FNDA:0,UEAFactoryV1.registerMultipleUEA
DA:116,0
BRDA:116,2,0,-
DA:117,0
DA:120,0
DA:121,0
DA:128,78
FN:128,UEAFactoryV1.registerUEA
FNDA:78,UEAFactoryV1.registerUEA
DA:129,78
BRDA:129,3,0,-
DA:130,0
DA:134,78
DA:135,78
BRDA:135,4,0,-
DA:136,0
DA:139,78
DA:140,78
DA:146,78
FN:146,UEAFactoryV1.deployUEA
FNDA:78,UEAFactoryV1.deployUEA
DA:147,78
BRDA:147,5,0,-
DA:148,0
DA:151,78
DA:154,78
DA:155,78
DA:156,78
BRDA:156,6,0,-
DA:157,0
DA:160,78
DA:161,78
BRDA:161,7,0,-
DA:162,0
DA:166,78
DA:169,78
DA:172,78
DA:175,78
DA:176,78
DA:178,78
DA:179,0
DA:185,0
FN:185,UEAFactoryV1.computeUEA
FNDA:0,UEAFactoryV1.computeUEA
DA:186,0
BRDA:186,8,0,-
DA:187,0
DA:190,0
DA:191,0
DA:192,0
BRDA:192,9,0,-
DA:193,0
DA:196,0
DA:197,0
DA:201,0
FN:201,UEAFactoryV1.getOriginForUEA
FNDA:0,UEAFactoryV1.getOriginForUEA
DA:202,0
DA:206,0
BRDA:206,10,0,-
BRDA:206,10,1,-
DA:207,0
DA:212,0
DA:216,0
DA:220,0
FN:220,UEAFactoryV1.getUEAForOrigin
FNDA:0,UEAFactoryV1.getUEAForOrigin
DA:221,0
DA:223,0
DA:225,0
BRDA:225,11,0,-
DA:226,0
DA:227,0
DA:230,0
DA:231,0
DA:233,0
DA:246,0
FN:246,UEAFactoryV1.hasCode
FNDA:0,UEAFactoryV1.hasCode
DA:247,0
DA:249,0
DA:251,0
DA:259,78
FN:259,UEAFactoryV1.generateSalt
FNDA:78,UEAFactoryV1.generateSalt
DA:260,78
FNF:14
FNH:9
LF:82
LH:39
BRF:13
BRH:0
end_of_record
TN:
SF:src/UEA/UEAMigration.sol
DA:52,8
FN:52,UEAMigration.onlyDelegateCall
FNDA:8,UEAMigration.onlyDelegateCall
DA:53,8
BRDA:53,0,0,3
DA:54,3
DA:64,45
FN:64,UEAMigration.constructor
FNDA:45,UEAMigration.constructor
DA:65,45
DA:67,45
BRDA:67,1,0,1
DA:68,1
DA:71,43
BRDA:71,2,0,1
DA:72,1
DA:75,42
DA:76,42
DA:83,5
FN:83,UEAMigration.migrateUEAEVM
FNDA:5,UEAMigration.migrateUEAEVM
DA:84,5
DA:85,5
DA:89,0
DA:92,5
DA:99,1
FN:99,UEAMigration.migrateUEASVM
FNDA:1,UEAMigration.migrateUEASVM
DA:100,1
DA:101,1
DA:105,0
DA:108,1
DA:116,94
FN:116,UEAMigration.hasCode
FNDA:94,UEAMigration.hasCode
DA:117,94
DA:119,0
DA:121,94
FNF:5
FNH:5
LF:25
LH:22
BRF:3
BRH:3
end_of_record
TN:
SF:src/UEA/UEAProxy.sol
DA:27,84
FN:27,UEAProxy.initializeUEA
FNDA:84,UEAProxy.initializeUEA
DA:28,84
DA:29,84
BRDA:29,0,0,-
DA:30,0
DA:34,0
DA:44,198
FN:44,UEAProxy.getImplementation
FNDA:198,UEAProxy.getImplementation
DA:46,0
DA:55,104
FN:55,UEAProxy._implementation
FNDA:104,UEAProxy._implementation
DA:56,104
DA:57,104
BRDA:57,1,0,-
DA:58,0
DA:60,0
FNF:3
FNH:3
LF:12
LH:7
BRF:2
BRH:0
end_of_record
TN:
SF:src/UEA/UEA_EVM.sol
DA:49,43
FN:49,UEA_EVM.initialize
FNDA:43,UEA_EVM.initialize
DA:50,0
BRDA:50,0,0,-
DA:51,0
DA:53,43
DA:55,43
DA:62,8
FN:62,UEA_EVM.domainSeparator
FNDA:8,UEA_EVM.domainSeparator
DA:63,8
DA:65,8
DA:71,2
FN:71,UEA_EVM.universalAccount
FNDA:2,UEA_EVM.universalAccount
DA:72,2
DA:78,4
FN:78,UEA_EVM.verifyPayloadSignature
FNDA:4,UEA_EVM.verifyPayloadSignature
DA:79,4
DA:80,4
DA:90,0
FN:90,UEA_EVM.verifyPayloadTxHash
FNDA:0,UEA_EVM.verifyPayloadTxHash
DA:91,0
DA:101,0
BRDA:101,1,0,-
DA:102,0
DA:105,0
DA:111,0
FN:111,UEA_EVM.executePayload
FNDA:0,UEA_EVM.executePayload
DA:112,0
DA:114,0
BRDA:114,2,0,-
BRDA:114,2,1,-
DA:115,0
BRDA:115,3,0,-
DA:116,0
DA:119,0
BRDA:119,4,0,-
DA:120,0
DA:125,0
DA:128,0
DA:129,0
DA:131,0
BRDA:131,5,0,-
BRDA:131,5,1,-
DA:132,0
DA:133,0
DA:135,0
DA:136,0
BRDA:136,6,0,-
DA:137,0
DA:141,0
DA:144,0
BRDA:144,7,0,-
DA:145,0
BRDA:145,8,0,-
BRDA:145,8,1,-
DA:147,0
DA:148,0
DA:151,0
DA:155,0
DA:161,4
FN:161,UEA_EVM.migrateUEA
FNDA:4,UEA_EVM.migrateUEA
DA:162,4
DA:164,4
BRDA:164,9,0,-
DA:165,0
DA:169,4
DA:172,4
DA:174,4
DA:176,4
BRDA:176,10,0,-
DA:177,0
BRDA:177,11,0,-
BRDA:177,11,1,-
DA:179,0
DA:180,0
DA:183,0
DA:187,4
DA:201,0
FN:201,UEA_EVM.isMulticall
FNDA:0,UEA_EVM.isMulticall
DA:202,0
DA:203,0
DA:213,0
FN:213,UEA_EVM.decodeCalls
FNDA:0,UEA_EVM.decodeCalls
DA:214,0
DA:222,0
FN:222,UEA_EVM.getPayloadHash
FNDA:0,UEA_EVM.getPayloadHash
DA:223,0
BRDA:223,13,0,-
DA:224,0
BRDA:224,14,0,-
DA:225,0
DA:228,0
DA:243,0
DA:245,0
DA:253,8
FN:253,UEA_EVM.getMigrationPayloadHash
FNDA:8,UEA_EVM.getMigrationPayloadHash
DA:254,8
BRDA:254,15,0,-
DA:255,0
DA:258,8
DA:259,8
DA:261,8
DA:264,8
FNF:11
FNH:6
LF:73
LH:25
BRF:19
BRH:0
end_of_record
TN:
SF:src/UEA/UEA_SVM.sol
DA:49,1
FN:49,UEA_SVM.domainSeparator
FNDA:1,UEA_SVM.domainSeparator
DA:50,1
DA:51,1
DA:57,40
FN:57,UEA_SVM.initialize
FNDA:40,UEA_SVM.initialize
DA:58,0
BRDA:58,0,0,-
DA:59,0
DA:61,40
DA:63,40
DA:69,2
FN:69,UEA_SVM.universalAccount
FNDA:2,UEA_SVM.universalAccount
DA:70,2
DA:76,1
FN:76,UEA_SVM.verifyPayloadSignature
FNDA:1,UEA_SVM.verifyPayloadSignature
DA:77,1
DA:86,1
FN:86,UEA_SVM._verifySignatureSVM
FNDA:1,UEA_SVM._verifySignatureSVM
DA:87,1
DA:90,1
BRDA:90,1,0,-
DA:91,0
DA:94,1
DA:104,0
FN:104,UEA_SVM.verifyPayloadTxHash
FNDA:0,UEA_SVM.verifyPayloadTxHash
DA:105,0
DA:115,0
BRDA:115,2,0,-
DA:116,0
DA:119,0
DA:125,0
FN:125,UEA_SVM.executePayload
FNDA:0,UEA_SVM.executePayload
DA:126,0
DA:128,0
BRDA:128,3,0,-
BRDA:128,3,1,-
DA:129,0
BRDA:129,4,0,-
DA:130,0
DA:133,0
BRDA:133,5,0,-
DA:134,0
DA:139,0
DA:142,0
DA:143,0
DA:145,0
BRDA:145,6,0,-
BRDA:145,6,1,-
DA:146,0
DA:147,0
DA:149,0
DA:150,0
BRDA:150,7,0,-
DA:151,0
DA:155,0
DA:158,0
BRDA:158,8,0,-
DA:159,0
BRDA:159,9,0,-
BRDA:159,9,1,-
DA:161,0
DA:162,0
DA:165,0
DA:169,0
DA:175,1
FN:175,UEA_SVM.migrateUEA
FNDA:1,UEA_SVM.migrateUEA
DA:176,1
DA:178,1
BRDA:178,10,0,-
DA:179,0
DA:183,1
DA:186,1
DA:188,1
DA:190,1
BRDA:190,11,0,-
DA:191,0
BRDA:191,12,0,-
BRDA:191,12,1,-
DA:193,0
DA:194,0
DA:197,0
DA:201,1
DA:215,0
FN:215,UEA_SVM.isMulticall
FNDA:0,UEA_SVM.isMulticall
DA:216,0
DA:217,0
DA:227,0
FN:227,UEA_SVM.decodeCalls
FNDA:0,UEA_SVM.decodeCalls
DA:228,0
DA:236,0
FN:236,UEA_SVM.getPayloadHash
FNDA:0,UEA_SVM.getPayloadHash
DA:237,0
BRDA:237,14,0,-
DA:238,0
BRDA:238,15,0,-
DA:239,0
DA:242,0
DA:257,0
DA:259,0
DA:267,1
FN:267,UEA_SVM.getMigrationPayloadHash
FNDA:1,UEA_SVM.getMigrationPayloadHash
DA:268,1
BRDA:268,16,0,-
DA:269,0
DA:272,1
DA:273,1
DA:275,1
DA:277,1
FNF:12
FNH:7
LF:77
LH:28
BRF:20
BRH:0
end_of_record
TN:
SF:src/UniversalCore.sol
DA:70,12
FN:70,UniversalCore.onlyUEModule
FNDA:12,UniversalCore.onlyUEModule
DA:71,12
BRDA:71,0,0,1
DA:75,24
FN:75,UniversalCore.onlyOwner
FNDA:24,UniversalCore.onlyOwner
DA:76,24
BRDA:76,1,0,1
DA:79,114
FN:79,UniversalCore.constructor
FNDA:114,UniversalCore.constructor
DA:80,0
DA:90,113
FN:90,UniversalCore.initialize
FNDA:113,UniversalCore.initialize
DA:95,0
DA:96,0
DA:98,113
DA:99,113
DA:101,113
DA:102,113
DA:103,113
DA:104,113
DA:110,10
FN:110,UniversalCore.depositPRC20Token
FNDA:10,UniversalCore.depositPRC20Token
DA:111,10
BRDA:111,2,0,2
DA:112,8
BRDA:112,3,0,1
DA:113,7
BRDA:113,4,0,1
DA:115,6
DA:121,17
FN:121,UniversalCore.depositPRC20WithAutoSwap
FNDA:17,UniversalCore.depositPRC20WithAutoSwap
DA:129,17
BRDA:129,5,0,-
DA:130,17
BRDA:130,6,0,-
DA:131,17
BRDA:131,7,0,-
DA:133,17
BRDA:133,8,0,2
DA:136,15
BRDA:136,9,0,13
DA:137,13
DA:138,13
BRDA:138,10,0,1
DA:141,14
BRDA:141,11,0,12
DA:142,12
DA:145,14
BRDA:145,12,0,1
DA:147,13
DA:152,13
BRDA:152,13,0,1
DA:155,12
BRDA:155,14,0,3
DA:156,3
DA:158,3
DA:160,12
DA:161,12
DA:164,12
DA:175,12
DA:176,12
BRDA:176,15,0,-
DA:178,12
DA:180,12
DA:186,7
FN:186,UniversalCore.setGasPCPool
FNDA:7,UniversalCore.setGasPCPool
DA:187,6
BRDA:187,16,0,1
DA:189,5
DA:194,5
BRDA:194,17,0,1
DA:196,4
DA:197,4
DA:203,51
FN:203,UniversalCore.setGasPrice
FNDA:51,UniversalCore.setGasPrice
DA:204,50
DA:205,50
DA:211,50
FN:211,UniversalCore.setGasTokenPRC20
FNDA:50,UniversalCore.setGasTokenPRC20
DA:212,49
BRDA:212,18,0,1
DA:213,48
DA:214,48
DA:220,23
FN:220,UniversalCore.setAutoSwapSupported
FNDA:23,UniversalCore.setAutoSwapSupported
DA:221,23
DA:222,23
DA:228,4
FN:228,UniversalCore.setWPCContractAddress
FNDA:4,UniversalCore.setWPCContractAddress
DA:229,4
BRDA:229,19,0,1
DA:230,3
DA:231,3
DA:237,4
FN:237,UniversalCore.setUniswapV3Addresses
FNDA:4,UniversalCore.setUniswapV3Addresses
DA:238,4
BRDA:238,20,0,3
DA:239,3
DA:241,1
DA:242,1
DA:243,1
DA:244,1
DA:250,18
FN:250,UniversalCore.setDefaultFeeTier
FNDA:18,UniversalCore.setDefaultFeeTier
DA:251,18
BRDA:251,21,0,-
DA:252,18
BRDA:252,22,0,1
DA:253,1
DA:255,17
DA:256,17
DA:262,5
FN:262,UniversalCore.setSlippageTolerance
FNDA:5,UniversalCore.setSlippageTolerance
DA:263,5
BRDA:263,23,0,-
DA:264,5
BRDA:264,24,0,-
DA:265,5
DA:266,5
DA:272,1
FN:272,UniversalCore.setDefaultDeadlineMins
FNDA:1,UniversalCore.setDefaultDeadlineMins
DA:273,1
DA:274,1
DA:280,7
FN:280,UniversalCore.pause
FNDA:7,UniversalCore.pause
DA:281,0
DA:287,3
FN:287,UniversalCore.unpause
FNDA:3,UniversalCore.unpause
DA:288,0
DA:299,5
FN:299,UniversalCore.getSwapQuote
FNDA:5,UniversalCore.getSwapQuote
DA:304,5
DA:313,5
DA:315,5
DA:325,3
FN:325,UniversalCore.calculateMinOutput
FNDA:3,UniversalCore.calculateMinOutput
DA:326,3
DA:327,3
BRDA:327,25,0,1
DA:328,1
DA:332,3
BRDA:332,26,0,-
DA:333,0
DA:337,3
FNF:19
FNH:19
LF:99
LH:93
BRF:27
BRH:19
end_of_record
TN:
SF:src/UniversalCoreV0.sol
DA:72,0
FN:72,UniversalCoreV0.onlyUEModule
FNDA:0,UniversalCoreV0.onlyUEModule
DA:73,0
DA:74,0
BRDA:74,0,0,-
DA:78,0
FN:78,UniversalCoreV0.onlyOwner
FNDA:0,UniversalCoreV0.onlyOwner
DA:79,0
DA:80,0
BRDA:80,1,0,-
DA:92,0
FN:92,UniversalCoreV0.constructor
FNDA:0,UniversalCoreV0.constructor
DA:93,0
DA:103,0
FN:103,UniversalCoreV0.initialize
FNDA:0,UniversalCoreV0.initialize
DA:109,0
DA:110,0
DA:113,0
DA:114,0
DA:116,0
DA:117,0
DA:118,0
DA:119,0
DA:132,0
FN:132,UniversalCoreV0.depositPRC20Token
FNDA:0,UniversalCoreV0.depositPRC20Token
DA:137,0
DA:138,0
BRDA:138,2,0,-
DA:139,0
BRDA:139,3,0,-
DA:140,0
BRDA:140,4,0,-
DA:142,0
DA:153,0
FN:153,UniversalCoreV0.mintPRCTokensviaAdmin
FNDA:0,UniversalCoreV0.mintPRCTokensviaAdmin
DA:158,0
DA:159,0
BRDA:159,5,0,-
DA:160,0
BRDA:160,6,0,-
DA:161,0
BRDA:161,7,0,-
DA:163,0
DA:181,0
FN:181,UniversalCoreV0.depositPRC20WithAutoSwap
FNDA:0,UniversalCoreV0.depositPRC20WithAutoSwap
DA:190,0
DA:191,0
BRDA:191,8,0,-
DA:192,0
BRDA:192,9,0,-
DA:193,0
BRDA:193,10,0,-
DA:195,0
DA:196,0
BRDA:196,11,0,-
DA:199,0
BRDA:199,12,0,-
DA:200,0
DA:201,0
BRDA:201,13,0,-
DA:205,0
BRDA:205,14,0,-
DA:206,0
DA:209,0
BRDA:209,15,0,-
DA:212,0
DA:217,0
BRDA:217,16,0,-
DA:220,0
BRDA:220,17,0,-
DA:223,0
DA:231,0
DA:235,0
DA:238,0
DA:241,0
DA:253,0
DA:255,0
BRDA:255,18,0,-
DA:257,0
DA:259,0
DA:275,0
FN:275,UniversalCoreV0.setGasPCPool
FNDA:0,UniversalCoreV0.setGasPCPool
DA:280,0
BRDA:280,19,0,-
DA:282,0
DA:287,0
BRDA:287,20,0,-
DA:289,0
DA:290,0
DA:298,0
FN:298,UniversalCoreV0.setGasPrice
FNDA:0,UniversalCoreV0.setGasPrice
DA:302,0
DA:303,0
DA:311,0
FN:311,UniversalCoreV0.setGasTokenPRC20
FNDA:0,UniversalCoreV0.setGasTokenPRC20
DA:315,0
BRDA:315,21,0,-
DA:316,0
DA:317,0
DA:320,0
FN:320,UniversalCoreV0.setAutoSwapSupported
FNDA:0,UniversalCoreV0.setAutoSwapSupported
DA:324,0
DA:325,0
DA:332,0
FN:332,UniversalCoreV0.setWPCContractAddress
FNDA:0,UniversalCoreV0.setWPCContractAddress
DA:333,0
BRDA:333,22,0,-
DA:334,0
DA:335,0
DA:344,0
FN:344,UniversalCoreV0.setUniswapV3Addresses
FNDA:0,UniversalCoreV0.setUniswapV3Addresses
DA:350,0
DA:351,0
DA:352,0
DA:353,0
BRDA:353,23,0,-
DA:354,0
DA:356,0
DA:357,0
DA:358,0
DA:359,0
DA:367,0
FN:367,UniversalCoreV0.setDefaultFeeTier
FNDA:0,UniversalCoreV0.setDefaultFeeTier
DA:371,0
BRDA:371,24,0,-
DA:372,0
BRDA:372,25,0,-
DA:373,0
DA:375,0
DA:376,0
DA:384,0
FN:384,UniversalCoreV0.setSlippageTolerance
FNDA:0,UniversalCoreV0.setSlippageTolerance
DA:388,0
BRDA:388,26,0,-
DA:389,0
DA:390,0
BRDA:390,27,0,-
DA:391,0
DA:392,0
DA:399,0
FN:399,UniversalCoreV0.setDefaultDeadlineMins
FNDA:0,UniversalCoreV0.setDefaultDeadlineMins
DA:400,0
DA:401,0
DA:408,0
FN:408,UniversalCoreV0.pause
FNDA:0,UniversalCoreV0.pause
DA:409,0
DA:416,0
FN:416,UniversalCoreV0.unpause
FNDA:0,UniversalCoreV0.unpause
DA:417,0
DA:428,0
FN:428,UniversalCoreV0.getSwapQuote
FNDA:0,UniversalCoreV0.getSwapQuote
DA:435,0
DA:446,0
BRDA:445,28,0,-
DA:449,0
DA:450,0
BRDA:450,28,1,-
DA:452,0
BRDA:452,29,0,-
BRDA:452,29,1,-
DA:453,0
DA:457,0
DA:460,0
DA:471,0
FN:471,UniversalCoreV0.calculateMinOutput
FNDA:0,UniversalCoreV0.calculateMinOutput
DA:475,0
DA:476,0
BRDA:476,30,0,-
DA:477,0
DA:481,0
BRDA:481,31,0,-
DA:482,0
DA:486,0
FNF:20
FNH:0
LF:119
LH:0
BRF:34
BRH:0
end_of_record
TN:
SF:src/WPC.sol
DA:23,29
FN:23,WPC.deposit
FNDA:29,WPC.deposit
DA:24,29
DA:25,29
DA:35,11
FN:35,WPC.withdraw
FNDA:11,WPC.withdraw
DA:36,11
BRDA:36,0,0,-
BRDA:36,0,1,-
DA:37,9
DA:38,9
DA:39,9
DA:47,16
FN:47,WPC.totalSupply
FNDA:16,WPC.totalSupply
DA:48,16
DA:59,16
FN:59,WPC.approve
FNDA:16,WPC.approve
DA:60,16
DA:61,16
DA:62,16
DA:74,8
FN:74,WPC.transfer
FNDA:8,WPC.transfer
DA:75,8
DA:89,17
FN:89,WPC.transferFrom
FNDA:17,WPC.transferFrom
DA:90,17
BRDA:90,1,0,-
BRDA:90,1,1,-
DA:92,14
BRDA:92,2,0,5
DA:93,5
BRDA:93,3,0,-
BRDA:93,3,1,-
DA:94,4
DA:97,13
DA:98,17
DA:100,17
DA:101,13
DA:109,1
FN:109,WPC.receive
FNDA:1,WPC.receive
DA:110,0
FNF:7
FNH:7
LF:27
LH:26
BRF:7
BRH:1
end_of_record
TN:
SF:src/libraries/Utils.sol
DA:15,604
FN:15,StringUtils.stringToExactUInt256
FNDA:604,StringUtils.stringToExactUInt256
DA:16,604
DA:17,604
DA:19,604
BRDA:19,0,0,-
BRDA:19,0,1,-
DA:21,603
DA:22,6963
DA:23,6963
BRDA:23,1,0,6963
BRDA:23,1,1,6959
DA:26,6963
FNF:1
FNH:1
LF:8
LH:8
BRF:4
BRH:2
end_of_record
TN:
SF:src/mocks/Reserved.sol
DA:12,0
FN:12,Reserved.constructor
FNDA:0,Reserved.constructor
DA:13,0
DA:19,0
FN:19,Reserved.initialize
FNDA:0,Reserved.initialize
FNF:2
FNH:0
LF:3
LH:0
BRF:0
BRH:0
end_of_record
TN:
SF:src/mocks/Target.sol
DA:8,25
FN:8,Target.setMagicNumber
FNDA:25,Target.setMagicNumber
DA:9,25
DA:13,16
FN:13,Target.setMagicNumberWithFee
FNDA:16,Target.setMagicNumberWithFee
DA:14,16
BRDA:14,0,0,-
BRDA:14,0,1,-
DA:15,16
DA:19,30
FN:19,Target.getMagicNumber
FNDA:30,Target.getMagicNumber
DA:20,30
FNF:3
FNH:3
LF:7
LH:7
BRF:2
BRH:0
end_of_record
TN:
SF:src/uea/UEAFactoryV1.sol
DA:53,119
FN:53,UEAFactoryV1.constructor
FNDA:119,UEAFactoryV1.constructor
DA:54,0
DA:61,119
FN:61,UEAFactoryV1.initialize
FNDA:119,UEAFactoryV1.initialize
DA:62,119
DA:71,119
FN:71,UEAFactoryV1.setUEAProxyImplementation
FNDA:119,UEAFactoryV1.setUEAProxyImplementation
DA:72,119
BRDA:72,0,0,-
DA:73,0
DA:75,119
DA:81,12
FN:81,UEAFactoryV1.getUEA
FNDA:12,UEAFactoryV1.getUEA
DA:82,12
DA:83,12
DA:89,479
FN:89,UEAFactoryV1.getVMType
FNDA:479,UEAFactoryV1.getVMType
DA:90,479
DA:91,479
DA:92,479
DA:98,177
FN:98,UEAFactoryV1.registerNewChain
FNDA:177,UEAFactoryV1.registerNewChain
DA:100,177
DA:101,1
BRDA:101,1,0,1
DA:102,1
DA:105,176
DA:106,176
DA:112,2
FN:112,UEAFactoryV1.registerMultipleUEA
FNDA:2,UEAFactoryV1.registerMultipleUEA
DA:116,2
BRDA:116,2,0,1
DA:117,1
DA:120,1
DA:121,2
DA:128,167
FN:128,UEAFactoryV1.registerUEA
FNDA:167,UEAFactoryV1.registerUEA
DA:129,167
BRDA:129,3,0,1
DA:130,1
DA:134,166
DA:135,166
BRDA:135,4,0,2
DA:136,2
DA:139,164
DA:140,164
DA:146,114
FN:146,UEAFactoryV1.deployUEA
FNDA:114,UEAFactoryV1.deployUEA
DA:147,114
BRDA:147,5,0,-
DA:148,0
DA:151,114
DA:154,114
DA:155,114
DA:156,114
BRDA:156,6,0,1
DA:157,1
DA:160,113
DA:161,113
BRDA:161,7,0,3
DA:162,3
DA:166,110
DA:169,109
DA:172,109
DA:175,109
DA:176,109
DA:178,109
DA:179,0
DA:185,15
FN:185,UEAFactoryV1.computeUEA
FNDA:15,UEAFactoryV1.computeUEA
DA:186,15
BRDA:186,8,0,-
DA:187,0
DA:190,15
DA:191,15
DA:192,15
BRDA:192,9,0,1
DA:193,1
DA:196,14
DA:197,14
DA:201,29
FN:201,UEAFactoryV1.getOriginForUEA
FNDA:29,UEAFactoryV1.getOriginForUEA
DA:202,29
DA:206,29
BRDA:206,10,0,23
BRDA:206,10,1,6
DA:207,23
DA:212,6
DA:216,29
DA:220,5
FN:220,UEAFactoryV1.getUEAForOrigin
FNDA:5,UEAFactoryV1.getUEAForOrigin
DA:221,5
DA:223,5
DA:225,5
BRDA:225,11,0,3
DA:226,3
DA:227,3
DA:230,2
DA:231,2
DA:233,2
DA:246,22
FN:246,UEAFactoryV1.hasCode
FNDA:22,UEAFactoryV1.hasCode
DA:247,22
DA:249,0
DA:251,22
DA:259,150
FN:259,UEAFactoryV1.generateSalt
FNDA:150,UEAFactoryV1.generateSalt
DA:260,150
FNF:14
FNH:14
LF:82
LH:76
BRF:13
BRH:10
end_of_record
TN:
SF:src/uea/UEAMigration.sol
DA:52,1
FN:52,UEAMigration.onlyDelegateCall
FNDA:1,UEAMigration.onlyDelegateCall
DA:53,1
BRDA:53,0,0,-
DA:54,0
DA:64,71
FN:64,UEAMigration.constructor
FNDA:71,UEAMigration.constructor
DA:65,71
DA:67,71
BRDA:67,1,0,-
DA:68,0
DA:71,71
BRDA:71,2,0,-
DA:72,0
DA:75,71
DA:76,71
DA:83,1
FN:83,UEAMigration.migrateUEAEVM
FNDA:1,UEAMigration.migrateUEAEVM
DA:84,1
DA:85,1
DA:89,0
DA:92,1
DA:99,1
FN:99,UEAMigration.migrateUEASVM
FNDA:1,UEAMigration.migrateUEASVM
DA:100,1
DA:101,1
DA:105,0
DA:108,1
DA:116,142
FN:116,UEAMigration.hasCode
FNDA:142,UEAMigration.hasCode
DA:117,142
DA:119,0
DA:121,142
FNF:5
FNH:5
LF:25
LH:19
BRF:3
BRH:0
end_of_record
TN:
SF:src/uea/UEAProxy.sol
DA:27,109
FN:27,UEAProxy.initializeUEA
FNDA:109,UEAProxy.initializeUEA
DA:28,109
DA:29,109
BRDA:29,0,0,-
DA:30,0
DA:34,0
DA:44,417
FN:44,UEAProxy.getImplementation
FNDA:417,UEAProxy.getImplementation
DA:46,0
DA:55,308
FN:55,UEAProxy._implementation
FNDA:308,UEAProxy._implementation
DA:56,308
DA:57,308
BRDA:57,1,0,-
DA:58,0
DA:60,0
FNF:3
FNH:3
LF:12
LH:7
BRF:2
BRH:0
end_of_record
TN:
SF:src/uea/UEA_EVM.sol
DA:49,84
FN:49,UEA_EVM.initialize
FNDA:84,UEA_EVM.initialize
DA:50,2
BRDA:50,0,0,2
DA:51,2
DA:53,82
DA:55,82
DA:62,60
FN:62,UEA_EVM.domainSeparator
FNDA:60,UEA_EVM.domainSeparator
DA:63,60
DA:65,60
DA:71,16
FN:71,UEA_EVM.universalAccount
FNDA:16,UEA_EVM.universalAccount
DA:72,16
DA:78,29
FN:78,UEA_EVM.verifyPayloadSignature
FNDA:29,UEA_EVM.verifyPayloadSignature
DA:79,29
DA:80,27
DA:90,4
FN:90,UEA_EVM.verifyPayloadTxHash
FNDA:4,UEA_EVM.verifyPayloadTxHash
DA:91,4
DA:101,4
BRDA:101,1,0,1
DA:102,1
DA:105,3
DA:111,30
FN:111,UEA_EVM.executePayload
FNDA:30,UEA_EVM.executePayload
DA:112,30
DA:114,28
BRDA:114,2,0,3
BRDA:114,2,1,4
DA:115,3
BRDA:115,3,0,2
DA:116,2
DA:119,25
BRDA:119,4,0,4
DA:120,4
DA:125,20
DA:128,20
DA:129,20
DA:131,20
BRDA:131,5,0,5
BRDA:131,5,1,1
DA:132,5
DA:133,5
DA:135,12
DA:136,12
BRDA:136,6,0,1
DA:137,1
DA:141,15
DA:144,5
BRDA:144,7,0,4
DA:145,4
BRDA:145,8,0,3
BRDA:145,8,1,1
DA:147,0
DA:148,0
DA:151,1
DA:155,16
DA:161,3
FN:161,UEA_EVM.migrateUEA
FNDA:3,UEA_EVM.migrateUEA
DA:162,3
DA:164,3
BRDA:164,9,0,1
DA:165,1
DA:169,1
DA:172,1
DA:174,1
DA:176,1
BRDA:176,10,0,-
DA:177,0
BRDA:177,11,0,-
BRDA:177,11,1,-
DA:179,0
DA:180,0
DA:183,0
DA:187,1
DA:201,20
FN:201,UEA_EVM.isMulticall
FNDA:20,UEA_EVM.isMulticall
DA:202,20
DA:203,19
DA:213,5
FN:213,UEA_EVM.decodeCalls
FNDA:5,UEA_EVM.decodeCalls
DA:214,5
DA:222,33
FN:222,UEA_EVM.getPayloadHash
FNDA:33,UEA_EVM.getPayloadHash
DA:223,33
BRDA:223,13,0,32
DA:224,32
BRDA:224,14,0,2
DA:225,2
DA:228,31
DA:243,31
DA:245,31
DA:253,6
FN:253,UEA_EVM.getMigrationPayloadHash
FNDA:6,UEA_EVM.getMigrationPayloadHash
DA:254,6
BRDA:254,15,0,1
DA:255,1
DA:258,5
DA:259,5
DA:261,5
DA:264,5
FNF:11
FNH:11
LF:73
LH:67
BRF:19
BRH:16
end_of_record
TN:
SF:src/uea/UEA_SVM.sol
DA:49,35
FN:49,UEA_SVM.domainSeparator
FNDA:35,UEA_SVM.domainSeparator
DA:50,35
DA:51,35
DA:57,35
FN:57,UEA_SVM.initialize
FNDA:35,UEA_SVM.initialize
DA:58,2
BRDA:58,0,0,2
DA:59,2
DA:61,33
DA:63,33
DA:69,14
FN:69,UEA_SVM.universalAccount
FNDA:14,UEA_SVM.universalAccount
DA:70,14
DA:76,16
FN:76,UEA_SVM.verifyPayloadSignature
FNDA:16,UEA_SVM.verifyPayloadSignature
DA:77,16
DA:86,16
FN:86,UEA_SVM._verifySignatureSVM
FNDA:16,UEA_SVM._verifySignatureSVM
DA:87,16
DA:90,16
BRDA:90,1,0,1
DA:91,1
DA:94,15
DA:104,4
FN:104,UEA_SVM.verifyPayloadTxHash
FNDA:4,UEA_SVM.verifyPayloadTxHash
DA:105,4
DA:115,4
BRDA:115,2,0,1
DA:116,1
DA:119,3
DA:125,15
FN:125,UEA_SVM.executePayload
FNDA:15,UEA_SVM.executePayload
DA:126,15
DA:128,14
BRDA:128,3,0,3
BRDA:128,3,1,1
DA:129,3
BRDA:129,4,0,2
DA:130,2
DA:133,11
BRDA:133,5,0,1
DA:134,1
DA:139,11
DA:142,11
DA:143,11
DA:145,11
BRDA:145,6,0,5
BRDA:145,6,1,1
DA:146,5
DA:147,5
DA:149,12
DA:150,12
BRDA:150,7,0,1
DA:151,1
DA:155,6
DA:158,5
BRDA:158,8,0,4
DA:159,4
BRDA:159,9,0,2
BRDA:159,9,1,2
DA:161,0
DA:162,0
DA:165,2
DA:169,7
DA:175,3
FN:175,UEA_SVM.migrateUEA
FNDA:3,UEA_SVM.migrateUEA
DA:176,3
DA:178,3
BRDA:178,10,0,1
DA:179,1
DA:183,1
DA:186,1
DA:188,1
DA:190,1
BRDA:190,11,0,-
DA:191,0
BRDA:191,12,0,-
BRDA:191,12,1,-
DA:193,0
DA:194,0
DA:197,0
DA:201,1
DA:215,11
FN:215,UEA_SVM.isMulticall
FNDA:11,UEA_SVM.isMulticall
DA:216,11
DA:217,10
DA:227,5
FN:227,UEA_SVM.decodeCalls
FNDA:5,UEA_SVM.decodeCalls
DA:228,5
DA:236,19
FN:236,UEA_SVM.getPayloadHash
FNDA:19,UEA_SVM.getPayloadHash
DA:237,19
BRDA:237,14,0,19
DA:238,19
BRDA:238,15,0,2
DA:239,2
DA:242,17
DA:257,17
DA:259,17
DA:267,6
FN:267,UEA_SVM.getMigrationPayloadHash
FNDA:6,UEA_SVM.getMigrationPayloadHash
DA:268,6
BRDA:268,16,0,1
DA:269,1
DA:272,5
DA:273,5
DA:275,5
DA:277,5
FNF:12
FNH:12
LF:77
LH:71
BRF:20
BRH:17
end_of_record
TN:
SF:test/helpers/UpgradeableContractHelper.sol
DA:18,197
FN:18,UpgradeableContractHelper.deployUpgradeableContract
FNDA:197,UpgradeableContractHelper.deployUpgradeableContract
DA:20,197
DA:21,197
FNF:1
FNH:1
LF:3
LH:3
BRF:0
BRH:0
end_of_record
TN:
SF:test/mocks/MaliciousPRC20.sol
DA:7,1
FN:7,MaliciousPRC20.constructor
FNDA:1,MaliciousPRC20.constructor
DA:8,1
DA:11,1
FN:11,MaliciousPRC20.deposit
FNDA:1,MaliciousPRC20.deposit
DA:13,1
DA:14,1
BRDA:14,0,0,1
DA:15,1
DA:17,0
FNF:2
FNH:2
LF:7
LH:6
BRF:1
BRH:1
end_of_record
TN:
SF:test/mocks/MockGasToken.sol
DA:21,0
FN:21,MockGasToken.setWillSucceed
FNDA:0,MockGasToken.setWillSucceed
DA:22,0
DA:25,0
FN:25,MockGasToken.setWillRevert
FNDA:0,MockGasToken.setWillRevert
DA:26,0
DA:29,0
FN:29,MockGasToken.setReentrancyAttack
FNDA:0,MockGasToken.setReentrancyAttack
DA:30,0
DA:31,0
DA:35,45
FN:35,MockGasToken.mint
FNDA:45,MockGasToken.mint
DA:36,45
DA:37,45
DA:38,45
DA:42,0
FN:42,MockGasToken.transfer
FNDA:0,MockGasToken.transfer
DA:43,0
BRDA:43,0,0,-
DA:45,0
BRDA:45,1,0,-
DA:46,0
DA:47,0
DA:48,0
DA:51,0
DA:54,45
FN:54,MockGasToken.approve
FNDA:45,MockGasToken.approve
DA:55,0
BRDA:55,2,0,-
DA:57,45
BRDA:57,3,0,45
DA:58,45
DA:59,45
DA:62,45
DA:65,0
FN:65,MockGasToken.transferFrom
FNDA:0,MockGasToken.transferFrom
DA:66,0
BRDA:66,4,0,-
DA:68,0
BRDA:68,5,0,-
DA:69,0
DA:70,0
BRDA:70,6,0,-
BRDA:70,6,1,-
DA:72,0
DA:73,0
DA:74,0
DA:76,0
DA:79,0
BRDA:79,7,0,-
DA:80,0
DA:81,0
BRDA:81,8,0,-
BRDA:81,8,1,-
DA:85,0
DA:89,0
FN:89,MockGasToken.balanceOf
FNDA:0,MockGasToken.balanceOf
DA:90,0
DA:93,0
FN:93,MockGasToken.allowance
FNDA:0,MockGasToken.allowance
DA:94,0
DA:97,0
FN:97,MockGasToken.totalSupply
FNDA:0,MockGasToken.totalSupply
DA:98,0
DA:102,0
FN:102,MockGasToken.name
FNDA:0,MockGasToken.name
DA:103,0
DA:106,0
FN:106,MockGasToken.symbol
FNDA:0,MockGasToken.symbol
DA:107,0
DA:110,0
FN:110,MockGasToken.decimals
FNDA:0,MockGasToken.decimals
DA:111,0
DA:114,0
FN:114,MockGasToken.deposit
FNDA:0,MockGasToken.deposit
DA:115,0
DA:118,0
FN:118,MockGasToken.burn
FNDA:0,MockGasToken.burn
DA:119,0
DA:122,0
FN:122,MockGasToken.withdraw
FNDA:0,MockGasToken.withdraw
DA:123,0
DA:126,0
FN:126,MockGasToken.withdrawGasFee
FNDA:0,MockGasToken.withdrawGasFee
DA:127,0
DA:130,0
FN:130,MockGasToken.withdrawGasFeeWithGasLimit
FNDA:0,MockGasToken.withdrawGasFeeWithGasLimit
DA:131,0
DA:134,0
FN:134,MockGasToken.UNIVERSAL_EXECUTOR_MODULE
FNDA:0,MockGasToken.UNIVERSAL_EXECUTOR_MODULE
DA:135,0
DA:138,0
FN:138,MockGasToken.SOURCE_CHAIN_ID
FNDA:0,MockGasToken.SOURCE_CHAIN_ID
DA:139,0
DA:142,0
FN:142,MockGasToken.TOKEN_TYPE
FNDA:0,MockGasToken.TOKEN_TYPE
DA:143,0
DA:146,0
FN:146,MockGasToken.HANDLER_CONTRACT
FNDA:0,MockGasToken.HANDLER_CONTRACT
DA:147,0
DA:150,0
FN:150,MockGasToken.UNIVERSAL_CORE
FNDA:0,MockGasToken.UNIVERSAL_CORE
DA:151,0
DA:154,0
FN:154,MockGasToken.GAS_LIMIT
FNDA:0,MockGasToken.GAS_LIMIT
DA:155,0
DA:158,0
FN:158,MockGasToken.PC_PROTOCOL_FEE
FNDA:0,MockGasToken.PC_PROTOCOL_FEE
DA:159,0
FNF:25
FNH:2
LF:73
LH:9
BRF:11
BRH:1
end_of_record
TN:
SF:test/mocks/MockPRC20.sol
DA:7,1
FN:7,MockPRC20.deposit
FNDA:1,MockPRC20.deposit
DA:8,1
DA:9,1
DA:12,0
FN:12,MockPRC20.approve
FNDA:0,MockPRC20.approve
DA:13,0
DA:16,0
FN:16,MockPRC20.transfer
FNDA:0,MockPRC20.transfer
DA:17,0
DA:18,0
DA:19,0
DA:22,0
FN:22,MockPRC20.transferFrom
FNDA:0,MockPRC20.transferFrom
DA:23,0
DA:24,0
DA:25,0
FNF:4
FNH:1
LF:13
LH:3
BRF:0
BRH:0
end_of_record
TN:
SF:test/mocks/MockUniswapV3Factory.sol
DA:7,5
FN:7,MockUniswapV3Factory.getPool
FNDA:5,MockUniswapV3Factory.getPool
DA:8,5
DA:11,44
FN:11,MockUniswapV3Factory.setPool
FNDA:44,MockUniswapV3Factory.setPool
DA:12,44
FNF:2
FNH:2
LF:4
LH:4
BRF:0
BRH:0
end_of_record
TN:
SF:test/mocks/MockUniswapV3Quoter.sol
DA:7,0
FN:7,MockUniswapV3Quoter.quoteExactInputSingle
FNDA:0,MockUniswapV3Quoter.quoteExactInputSingle
DA:13,0
FNF:1
FNH:0
LF:2
LH:0
BRF:0
BRH:0
end_of_record
TN:
SF:test/mocks/MockUniswapV3Router.sol
DA:7,0
FN:7,MockUniswapV3Router.exactInputSingle
FNDA:0,MockUniswapV3Router.exactInputSingle
DA:9,0
FNF:1
FNH:0
LF:2
LH:0
BRF:0
BRH:0
end_of_record
TN:
SF:test/mocks/MockWPC.sol
DA:10,0
FN:10,MockWPC.totalSupply
FNDA:0,MockWPC.totalSupply
DA:11,0
DA:14,0
FN:14,MockWPC.transfer
FNDA:0,MockWPC.transfer
DA:15,0
DA:18,0
FN:18,MockWPC.approve
FNDA:0,MockWPC.approve
DA:19,0
DA:22,0
FN:22,MockWPC.transferFrom
FNDA:0,MockWPC.transferFrom
DA:23,0
FNF:4
FNH:0
LF:8
LH:0
BRF:0
BRH:0
end_of_record
TN:
SF:test/mocks/RevertingPRC20.sol
DA:5,1
FN:5,RevertingPRC20.deposit
FNDA:1,RevertingPRC20.deposit
DA:6,1
FNF:1
FNH:1
LF:2
LH:2
BRF:0
BRH:0
end_of_record
TN:
SF:test/mocks/TestProxy.sol
DA:17,0
FN:17,TestProxy.setImplementation
FNDA:0,TestProxy.setImplementation
DA:19,0
DA:27,0
FN:27,TestProxy.getImplementation
FNDA:0,TestProxy.getImplementation
DA:29,0
DA:40,0
FN:40,TestProxy.delegateTo
FNDA:0,TestProxy.delegateTo
DA:41,0
DA:49,0
FN:49,TestProxy.getStorageAt
FNDA:0,TestProxy.getStorageAt
DA:51,0
FNF:4
FNH:0
LF:8
LH:0
BRF:0
BRH:0
end_of_record
TN:
SF:test/mocks/UEA_EVM_V2.sol
DA:47,0
FN:47,UEA_EVM_V2.initialize
FNDA:0,UEA_EVM_V2.initialize
DA:48,0
BRDA:48,0,0,-
DA:49,0
DA:51,0
DA:53,0
DA:60,2
FN:60,UEA_EVM_V2.domainSeparator
FNDA:2,UEA_EVM_V2.domainSeparator
DA:61,2
DA:63,2
DA:69,0
FN:69,UEA_EVM_V2.universalAccount
FNDA:0,UEA_EVM_V2.universalAccount
DA:70,0
DA:76,1
FN:76,UEA_EVM_V2.verifyPayloadSignature
FNDA:1,UEA_EVM_V2.verifyPayloadSignature
DA:77,1
DA:78,1
DA:81,0
FN:81,UEA_EVM_V2.verifyPayloadTxHash
FNDA:0,UEA_EVM_V2.verifyPayloadTxHash
DA:82,0
DA:92,0
BRDA:92,1,0,-
DA:93,0
DA:96,0
DA:104,0
FN:104,UEA_EVM_V2.isMulticall
FNDA:0,UEA_EVM_V2.isMulticall
DA:105,0
DA:106,0
DA:115,0
FN:115,UEA_EVM_V2.decodeCalls
FNDA:0,UEA_EVM_V2.decodeCalls
DA:116,0
DA:122,0
FN:122,UEA_EVM_V2.executePayload
FNDA:0,UEA_EVM_V2.executePayload
DA:123,0
DA:125,0
BRDA:125,3,0,-
BRDA:125,3,1,-
DA:126,0
BRDA:126,4,0,-
DA:127,0
DA:130,0
BRDA:130,5,0,-
DA:131,0
DA:136,0
DA:140,0
DA:141,0
DA:144,0
BRDA:144,6,0,-
BRDA:144,6,1,-
DA:145,0
DA:146,0
DA:148,0
DA:149,0
BRDA:149,7,0,-
DA:150,0
DA:154,0
DA:157,0
BRDA:157,8,0,-
DA:158,0
BRDA:158,9,0,-
BRDA:158,9,1,-
DA:160,0
DA:161,0
DA:164,0
DA:168,0
DA:174,1
FN:174,UEA_EVM_V2.migrateUEA
FNDA:1,UEA_EVM_V2.migrateUEA
DA:175,1
DA:177,1
BRDA:177,10,0,-
DA:178,0
DA:182,1
DA:185,1
DA:188,1
DA:190,1
BRDA:190,11,0,-
DA:191,0
BRDA:191,12,0,-
BRDA:191,12,1,-
DA:193,0
DA:194,0
DA:197,0
DA:201,1
DA:209,0
FN:209,UEA_EVM_V2.getPayloadHash
FNDA:0,UEA_EVM_V2.getPayloadHash
DA:210,0
BRDA:210,13,0,-
DA:211,0
BRDA:211,14,0,-
DA:212,0
DA:216,0
DA:232,0
DA:234,0
DA:242,2
FN:242,UEA_EVM_V2.getMigrationPayloadHash
FNDA:2,UEA_EVM_V2.getMigrationPayloadHash
DA:243,2
BRDA:243,15,0,-
DA:244,0
DA:248,2
DA:249,2
DA:252,2
DA:255,2
FNF:11
FNH:4
LF:73
LH:20
BRF:19
BRH:0
end_of_record
TN:
SF:test/mocks/UEA_SVM_V2.sol
DA:47,0
FN:47,UEA_SVM_V2.domainSeparator
FNDA:0,UEA_SVM_V2.domainSeparator
DA:48,0
DA:49,0
DA:55,0
FN:55,UEA_SVM_V2.initialize
FNDA:0,UEA_SVM_V2.initialize
DA:56,0
BRDA:56,0,0,-
DA:57,0
DA:59,0
DA:61,0
DA:67,0
FN:67,UEA_SVM_V2.universalAccount
FNDA:0,UEA_SVM_V2.universalAccount
DA:68,0
DA:74,0
FN:74,UEA_SVM_V2.verifyPayloadSignature
FNDA:0,UEA_SVM_V2.verifyPayloadSignature
DA:75,0
DA:84,0
FN:84,UEA_SVM_V2._verifySignatureSVM
FNDA:0,UEA_SVM_V2._verifySignatureSVM
DA:85,0
DA:88,0
BRDA:88,1,0,-
DA:89,0
DA:92,0
DA:95,0
FN:95,UEA_SVM_V2.verifyPayloadTxHash
FNDA:0,UEA_SVM_V2.verifyPayloadTxHash
DA:96,0
DA:106,0
BRDA:106,2,0,-
DA:107,0
DA:110,0
DA:118,0
FN:118,UEA_SVM_V2.isMulticall
FNDA:0,UEA_SVM_V2.isMulticall
DA:119,0
DA:120,0
DA:129,0
FN:129,UEA_SVM_V2.decodeCalls
FNDA:0,UEA_SVM_V2.decodeCalls
DA:130,0
DA:136,0
FN:136,UEA_SVM_V2.executePayload
FNDA:0,UEA_SVM_V2.executePayload
DA:137,0
DA:139,0
BRDA:139,4,0,-
BRDA:139,4,1,-
DA:140,0
BRDA:140,5,0,-
DA:141,0
DA:144,0
BRDA:144,6,0,-
DA:145,0
DA:150,0
DA:154,0
DA:155,0
DA:158,0
BRDA:158,7,0,-
BRDA:158,7,1,-
DA:159,0
DA:160,0
DA:162,0
DA:163,0
BRDA:163,8,0,-
DA:164,0
DA:168,0
DA:171,0
BRDA:171,9,0,-
DA:172,0
BRDA:172,10,0,-
BRDA:172,10,1,-
DA:174,0
DA:175,0
DA:178,0
DA:182,0
DA:188,0
FN:188,UEA_SVM_V2.migrateUEA
FNDA:0,UEA_SVM_V2.migrateUEA
DA:189,0
DA:191,0
BRDA:191,11,0,-
DA:192,0
DA:196,0
DA:199,0
DA:202,0
DA:204,0
BRDA:204,12,0,-
DA:205,0
BRDA:205,13,0,-
BRDA:205,13,1,-
DA:207,0
DA:208,0
DA:211,0
DA:215,0
DA:223,0
FN:223,UEA_SVM_V2.getPayloadHash
FNDA:0,UEA_SVM_V2.getPayloadHash
DA:224,0
BRDA:224,14,0,-
DA:225,0
BRDA:225,15,0,-
DA:226,0
DA:230,0
DA:246,0
DA:248,0
DA:256,0
FN:256,UEA_SVM_V2.getMigrationPayloadHash
FNDA:0,UEA_SVM_V2.getMigrationPayloadHash
DA:257,0
BRDA:257,16,0,-
DA:258,0
DA:262,0
DA:263,0
DA:266,0
DA:269,0
FNF:12
FNH:0
LF:77
LH:0
BRF:20
BRH:0
end_of_record
TN:
SF:test/tests_ueaMigration/BaseTest.t.sol
DA:529,2
FN:529,RevertingTarget.revertWithReason
FNDA:2,RevertingTarget.revertWithReason
DA:530,2
DA:538,2
FN:538,SilentRevertingTarget.revertSilently
FNDA:2,SilentRevertingTarget.revertSilently
DA:540,0
DA:549,2
FN:549,MaliciousMigrationContract.migrateUEAEVM
FNDA:2,MaliciousMigrationContract.migrateUEAEVM
DA:550,2
DA:553,2
FN:553,MaliciousMigrationContract.migrateUEASVM
FNDA:2,MaliciousMigrationContract.migrateUEASVM
DA:554,2
FNF:4
FNH:4
LF:8
LH:7
BRF:0
BRH:0
end_of_record
TN:
SF:test/tests_uea_and_factory/UEA_EVM.t.sol
DA:1114,2
FN:1114,RevertingTarget.revertWithReason
FNDA:2,RevertingTarget.revertWithReason
DA:1115,2
DA:1120,1
FN:1120,SilentRevertingTarget.revertSilently
FNDA:1,SilentRevertingTarget.revertSilently
DA:1122,0
FNF:2
FNH:2
LF:4
LH:3
BRF:0
BRH:0
end_of_record
TN:
SF:test/tests_uea_and_factory/UEA_SVM.t.sol
DA:1138,2
FN:1138,RevertingTarget.revertWithReason
FNDA:2,RevertingTarget.revertWithReason
DA:1139,2
DA:1144,1
FN:1144,SilentRevertingTarget.revertSilently
FNDA:1,SilentRevertingTarget.revertSilently
DA:1146,0
FNF:2
FNH:2
LF:4
LH:3
BRF:0
BRH:0
end_of_record
